<?xml version="1.0" encoding="UTF-8"?>
<!-- Generated by org.testng.reporters.JUnitReportReporter -->
<testsuite skipped="0" hostname="DESKTOP-969M1KR" name="CsCart.SignIn" tests="1" failures="0" timestamp="09 Jan 2020 09:30:50 GMT" time="133.638" errors="0">
  <testcase name="signin" time="133.638" classname="CsCart.SignIn"/>
</testsuite> <!-- CsCart.SignIn -->
